<?xml version="1.0" encoding="UTF-8"?>
<testng-results ignored="0" total="1" passed="1" failed="0" skipped="0">
  <reporter-output>
  </reporter-output>
  <suite started-at="2024-08-04T00:13:16 IST" name="Default suite" finished-at="2024-08-04T00:14:00 IST" duration-ms="43773">
    <groups>
    </groups>
    <test started-at="2024-08-04T00:13:16 IST" name="Default test" finished-at="2024-08-04T00:14:00 IST" duration-ms="43773">
      <class name="Testcases.testcase1">
        <test-method is-config="true" signature="before_test()[pri:0, instance:Testcases.testcase1@7c7a06ec]" started-at="2024-08-04T00:13:16 IST" name="before_test" finished-at="2024-08-04T00:13:17 IST" duration-ms="1036" status="PASS">
          <reporter-output>
          </reporter-output>
        </test-method> <!-- before_test -->
        <test-method signature="test1()[pri:0, instance:Testcases.testcase1@7c7a06ec]" started-at="2024-08-04T00:13:17 IST" name="test1" finished-at="2024-08-04T00:14:00 IST" duration-ms="42702" status="PASS">
          <reporter-output>
          </reporter-output>
        </test-method> <!-- test1 -->
        <test-method is-config="true" signature="afetr_test()[pri:0, instance:Testcases.testcase1@7c7a06ec]" started-at="2024-08-04T00:14:00 IST" name="afetr_test" finished-at="2024-08-04T00:14:00 IST" duration-ms="2" status="PASS">
          <reporter-output>
          </reporter-output>
        </test-method> <!-- afetr_test -->
      </class> <!-- Testcases.testcase1 -->
    </test> <!-- Default test -->
  </suite> <!-- Default suite -->
</testng-results>
